C51 COMPILER V9.54   BEEP                                                                  03/02/2022 21:27:50 PAGE 1   


C51 COMPILER V9.54, COMPILATION OF MODULE BEEP
OBJECT MODULE PLACED IN .\list\Beep.obj
COMPILER INVOKED BY: D:\keil\keil_MDK\C51\BIN\C51.EXE Beep.c OPTIMIZE(8,SPEED) BROWSE DEBUG OBJECTEXTEND PRINT(.\list\Be
                    -ep.lst) OBJECT(.\list\Beep.obj)

line level    source

   1          /*---------------------------------------------------------------------*/
   2          /* --- STC MCU Limited ------------------------------------------------*/
   3          /* --- STC 1T Series MCU Demo Programme -------------------------------*/
   4          /* --- Mobile: (86)13922805190 ----------------------------------------*/
   5          /* --- Fax: 86-0513-55012956,55012947,55012969 ------------------------*/
   6          /* --- Tel: 86-0513-55012928,55012929,55012966 ------------------------*/
   7          /* --- Web: www.STCMCU.com --------------------------------------------*/
   8          /* --- Web: www.STCMCUDATA.com  ---------------------------------------*/
   9          /* --- QQ:  800003751 -------------------------------------------------*/
  10          /* 如果要在程序中使用此代码,请在程序中注明使用了STC的资料及程序            */
  11          /*---------------------------------------------------------------------*/
  12          
  13          #include "Beep.h"
  14          #include "timer.h"
  15          
  16          bit beepAlarmFlag = 0;
  17          u8 BeepAlarmState = 0;
  18          unsigned short BeepAlarmTimeSet = 0;
  19          unsigned int BeepAlarmTimeCnt = 0;
  20          
  21          //获取蜂鸣器报警标志
  22          bit Get_beepAlarmFlag(void)
  23          {
  24   1              return beepAlarmFlag;
  25   1      }
  26          
  27          //开始蜂鸣器报警设定值
  28          void StartBeepAlarm(unsigned short time) // time单位1ms
  29          {
  30   1              BeepAlarmState = 0;
  31   1              BeepAlarmTimeSet = time * 2;
  32   1              beepAlarmFlag = 1;
  33   1      }
  34          
  35          //运行蜂鸣器报警任务
  36          void BeepAlarmTask(void)
  37          {
  38   1              if (beepAlarmFlag == 0)
  39   1                      return;
  40   1              switch (BeepAlarmState)
  41   1              {
  42   2              case 0:
  43   2                      BeepAlarmTimeCnt = Get_SysHalfMsTick();
  44   2                      BeepAlarmState = 1;
  45   2                      break;
  46   2              case 1:
  47   2                      if (get_time_escape_sec(Get_SysHalfMsTick(), BeepAlarmTimeCnt) >= BeepAlarmTimeSet)
  48   2                      {
  49   3                              beepAlarmFlag = 0;
  50   3                      }
  51   2                      break;
  52   2              default:
  53   2                      break;
  54   2              }
C51 COMPILER V9.54   BEEP                                                                  03/02/2022 21:27:50 PAGE 2   

  55   1      }


MODULE INFORMATION:   STATIC OVERLAYABLE
   CODE SIZE        =     62    ----
   CONSTANT SIZE    =   ----    ----
   XDATA SIZE       =   ----    ----
   PDATA SIZE       =   ----    ----
   DATA SIZE        =      5    ----
   IDATA SIZE       =   ----    ----
   BIT SIZE         =      1    ----
END OF MODULE INFORMATION.


C51 COMPILATION COMPLETE.  0 WARNING(S),  0 ERROR(S)
