C51 COMPILER V9.54   DELAY                                                                 04/09/2022 16:49:46 PAGE 1   


C51 COMPILER V9.54, COMPILATION OF MODULE DELAY
OBJECT MODULE PLACED IN .\list\delay.obj
COMPILER INVOKED BY: D:\keil\keil_C51\C51\BIN\C51.EXE delay.c OPTIMIZE(8,SPEED) BROWSE DEBUG OBJECTEXTEND PRINT(.\list\d
                    -elay.lst) OBJECT(.\list\delay.obj)

line level    source

   1          /*---------------------------------------------------------------------*/
   2          /* --- STC MCU Limited ------------------------------------------------*/
   3          /* --- STC 1T Series MCU Demo Programme -------------------------------*/
   4          /* --- Mobile: (86)13922805190 ----------------------------------------*/
   5          /* --- Fax: 86-0513-55012956,55012947,55012969 ------------------------*/
   6          /* --- Tel: 86-0513-55012928,55012929,55012966 ------------------------*/
   7          /* --- Web: www.STCMCU.com --------------------------------------------*/
   8          /* --- Web: www.STCMCUDATA.com  ---------------------------------------*/
   9          /* --- QQ:  800003751 -------------------------------------------------*/
  10          /* 如果要在程序中使用此代码,请在程序中注明使用了STC的资料及程序            */
  11          /*---------------------------------------------------------------------*/
  12          
  13          /***************        功能说明        ****************
  14          
  15          本文件为STC8系列的延时程序,用户几乎可以不修改这个程序.
  16          
  17          ******************************************/
  18          
  19          #include "delay.h"
  20          #include "timer.h"
  21          
  22          //========================================================================
  23          // 函数: void delay_ms(u8 ms)
  24          // 描述: 延时函数。
  25          // 参数: ms,要延时的ms数, 这里只支持1~255ms. 自动适应主时钟.
  26          // 返回: none.
  27          // 版本: VER1.0
  28          // 日期: 2021-3-9
  29          // 备注:
  30          //========================================================================
  31          
  32          unsigned int delayCnt = 0;
  33          
  34          void Delay208us(void) //@24.000MHz
  35          {
  36   1      //      unsigned char i, j;
  37   1      
  38   1      //      i = 7;
  39   1      //      j = 121;
  40   1      //      do
  41   1      //      {
  42   1      //              while (--j);
  43   1      //      } while (--i);  
  44   1              
  45   1              unsigned char i, j;
  46   1      
  47   1              i = 4;
  48   1              j = 59;
  49   1              do
  50   1              {
  51   2                      while (--j);
  52   2              } while (--i);
  53   1      }

C51 COMPILER V9.54   DELAY                                                                 04/09/2022 16:49:46 PAGE 2   


MODULE INFORMATION:   STATIC OVERLAYABLE
   CODE SIZE        =      9    ----
   CONSTANT SIZE    =   ----    ----
   XDATA SIZE       =   ----    ----
   PDATA SIZE       =   ----    ----
   DATA SIZE        =      2    ----
   IDATA SIZE       =   ----    ----
   BIT SIZE         =   ----    ----
END OF MODULE INFORMATION.


C51 COMPILATION COMPLETE.  0 WARNING(S),  0 ERROR(S)
