C51 COMPILER V9.54   UART                                                                  04/09/2022 16:49:47 PAGE 1   


C51 COMPILER V9.54, COMPILATION OF MODULE UART
OBJECT MODULE PLACED IN .\list\Uart.obj
COMPILER INVOKED BY: D:\keil\keil_C51\C51\BIN\C51.EXE Uart.c OPTIMIZE(8,SPEED) BROWSE DEBUG OBJECTEXTEND PRINT(.\list\Ua
                    -rt.lst) OBJECT(.\list\Uart.obj)

line level    source

   1          /*---------------------------------------------------------------------*/
   2          /* --- STC MCU Limited ------------------------------------------------*/
   3          /* --- STC 1T Series MCU Demo Programme -------------------------------*/
   4          /* --- Mobile: (86)13922805190 ----------------------------------------*/
   5          /* --- Fax: 86-0513-55012956,55012947,55012969 ------------------------*/
   6          /* --- Tel: 86-0513-55012928,55012929,55012966 ------------------------*/
   7          /* --- Web: www.STCMCU.com --------------------------------------------*/
   8          /* --- Web: www.STCMCUDATA.com  ---------------------------------------*/
   9          /* --- QQ:  800003751 -------------------------------------------------*/
  10          /* 如果要在程序中使用此代码,请在程序中注明使用了STC的资料及程序            */
  11          /*---------------------------------------------------------------------*/
  12          
  13          #include "Task.h"
  14          #include "timer.h"
  15          #include "Beep.h"
  16          #include "Task.h"
  17          #include "Sensor.h"
  18          #include "Uart.h"
  19          #include "delay.h"
  20          #include<string.h>
  21          
  22          unsigned char txBuf[14];
  23          
  24          void IO_LOW(unsigned char comTemp)
  25          {
  26   1          if (comTemp == COM0)
  27   1              P10 = 0;
  28   1          else
  29   1              P11 = 0;
  30   1      }
  31          
  32          void IO_HIGH(unsigned char comTemp)
  33          {
  34   1          if (comTemp == COM0)
  35   1              P10 = 1;
  36   1          else
  37   1              P11 = 1;
  38   1      }
  39          
  40          void VirtualCOM_ByteSend(unsigned char com, unsigned char val)
  41          {
  42   1      
  43   1          unsigned char i;
  44   1      
  45   1          IO_LOW(com); //起始位，拉低电平
  46   1      
  47   1          Delay208us();
  48   1      
  49   1          for (i = 0; i < 8; i++) // 8位数据位
  50   1      
  51   1          {
  52   2      
  53   2              if (val & 0x01)
  54   2      
C51 COMPILER V9.54   UART                                                                  04/09/2022 16:49:47 PAGE 2   

  55   2                  IO_HIGH(com);
  56   2      
  57   2              else
  58   2      
  59   2                  IO_LOW(com);
  60   2      
  61   2              Delay208us();
  62   2      
  63   2              val >>= 1;
  64   2          }
  65   1      
  66   1          IO_HIGH(com); //停止位，拉高电平
  67   1      
  68   1          Delay208us();
  69   1      }
  70          
  71          void VirtualCOM_StringSend(unsigned char com, unsigned char *str)
  72          {
  73   1      //    while (*str != 0)
  74   1      //    {
  75   1      //        VirtualCOM_ByteSend(com, *str);
  76   1      //        str++;
  77   1      //    }
  78   1      }
*** WARNING C280 IN LINE 71 OF Uart.c: 'com': unreferenced local variable
*** WARNING C280 IN LINE 71 OF Uart.c: 'str': unreferenced local variable
  79          
  80          void uartSendBuf(unsigned char *buf, unsigned char len)
  81          {
  82   1          unsigned char i = 0;
  83   1          for(i = 0; i < len; i++)
  84   1          {
  85   2              VirtualCOM_ByteSend(COM1, buf[i]);
  86   2          }
  87   1      }
  88          
  89          void uartSendPackage(unsigned char mode)
  90          {
  91   1          if (mode == RES) //预留
  92   1          {
  93   2              txBuf[0] = 0xAA;
  94   2          }
  95   1          else if (mode == SELF_CHECK) //自检
  96   1          {
  97   2              txBuf[0] = 0xBB;
  98   2              txBuf[1] = Get_sensorOkFlag();
  99   2              txBuf[2] = 0xBF;
 100   2              uartSendBuf(txBuf,3);
 101   2          }
 102   1          else if (mode == NOM_WORK) //工作
 103   1          {
 104   2              memset(txBuf,0,14);
 105   2              txBuf[0] = 0xCC;
 106   2              txBuf[12] = Get_meterDistance()/10;
 107   2              txBuf[13] = 0xcf;
 108   2              uartSendBuf(txBuf,14);
 109   2          }
 110   1      }


MODULE INFORMATION:   STATIC OVERLAYABLE
   CODE SIZE        =    213    ----
C51 COMPILER V9.54   UART                                                                  04/09/2022 16:49:47 PAGE 3   

   CONSTANT SIZE    =   ----    ----
   XDATA SIZE       =   ----    ----
   PDATA SIZE       =   ----    ----
   DATA SIZE        =     14      13
   IDATA SIZE       =   ----    ----
   BIT SIZE         =   ----    ----
END OF MODULE INFORMATION.


C51 COMPILATION COMPLETE.  2 WARNING(S),  0 ERROR(S)
