[info] Log at : 2022/2/19|13:37:37|GMT+0800

[info] Log at : 2022/2/19|17:03:07|GMT+0800

[info] Log at : 2022/2/19|17:11:54|GMT+0800

[info] Log at : 2022/2/20|16:48:03|GMT+0800

[info] Log at : 2022/2/23|21:56:42|GMT+0800

[info] Log at : 2022/2/26|09:29:11|GMT+0800

[info] Log at : 2022/2/26|09:57:29|GMT+0800

[info] Log at : 2022/2/26|10:36:11|GMT+0800

[info] Log at : 2022/2/26|10:36:28|GMT+0800

[info] project closed: PCA-CAP
[info] Log at : 2022/2/26|11:15:43|GMT+0800

[info] Log at : 2022/2/27|21:14:40|GMT+0800

[info] Log at : 2022/2/27|21:17:21|GMT+0800

[info] Log at : 2022/2/27|21:18:14|GMT+0800

[info] Log at : 2022/2/27|21:18:25|GMT+0800

[info] Log at : 2022/3/1|21:33:12|GMT+0800

[info] Log at : 2022/3/31|21:56:55|GMT+0800

[info] Log at : 2022/4/1|20:50:43|GMT+0800

[info] Log at : 2022/4/2|20:20:14|GMT+0800

[info] Log at : 2022/4/9|11:17:53|GMT+0800

[info] Log at : 2022/4/10|09:13:13|GMT+0800

[info] Log at : 2022/4/15|20:06:59|GMT+0800

[info] Log at : 2022/4/16|09:26:01|GMT+0800

[info] project closed: PCA-CAP
[info] Log at : 2022/4/16|18:07:34|GMT+0800

[info] Log at : 2022/4/16|19:50:18|GMT+0800

[info] Log at : 2022/4/17|09:18:09|GMT+0800

[info] Log at : 2022/4/17|09:18:33|GMT+0800

[info] Log at : 2022/4/23|08:59:29|GMT+0800

<<<<<<< HEAD
[info] Log at : 2022/5/8|18:09:54|GMT+0800

[info] Log at : 2022/5/14|09:32:09|GMT+0800

[info] Log at : 2022/5/16|21:28:14|GMT+0800

[info] Log at : 2022/5/17|21:37:50|GMT+0800

[info] Log at : 2022/5/17|21:48:46|GMT+0800

=======
>>>>>>> ac9b71b636d5bf0dc7d832531626a13307726cd8
[info] Log at : 2022/5/17|22:11:36|GMT+0800

[info] Log at : 2022/5/19|20:30:58|GMT+0800

[info] Log at : 2022/5/28|08:13:15|GMT+0800

[info] Log at : 2022/5/28|08:15:52|GMT+0800

